[23-Mar-2026 09:50:41 Europe/Berlin] PHP Fatal error:  Uncaught TypeError: rtrim(): Argument #1 ($string) must be of type string, null given in /usr/www/users/aidzapa/app/Core/Router.php:24
Stack trace:
#0 /usr/www/users/aidzapa/app/Core/Router.php(24): rtrim()
#1 /usr/www/users/aidzapa/index.php(46): Core\Router->dispatch()
#2 {main}
  thrown in /usr/www/users/aidzapa/app/Core/Router.php on line 24
[23-Mar-2026 10:00:28 Europe/Berlin] PHP Fatal error:  Uncaught TypeError: rtrim(): Argument #1 ($string) must be of type string, null given in /usr/www/users/aidzapa/app/Core/Router.php:24
Stack trace:
#0 /usr/www/users/aidzapa/app/Core/Router.php(24): rtrim()
#1 /usr/www/users/aidzapa/index.php(46): Core\Router->dispatch()
#2 {main}
  thrown in /usr/www/users/aidzapa/app/Core/Router.php on line 24
[28-Mar-2026 21:28:22 Europe/Berlin] Migration 'legal_pages' failed: SQLSTATE[42S01]: Base table or view already exists: 1050 Table 'legal_pages' already exists
[28-Mar-2026 21:28:22 Europe/Berlin] Migration 'quality_system' failed: SQLSTATE[42S21]: Column already exists: 1060 Duplicate column name 'quality_level'
[28-Mar-2026 21:28:22 Europe/Berlin] Migration 'rate_limits' failed: SQLSTATE[42S01]: Base table or view already exists: 1050 Table 'rate_limits' already exists
[28-Mar-2026 21:28:22 Europe/Berlin] Migration 'referrals' failed: SQLSTATE[HY000]: General error: 2014 Cannot execute queries while other unbuffered queries are active.  Consider using PDOStatement::fetchAll().  Alternatively, if your code is only ever going to run against mysql, you may enable query buffering by setting the PDO::MYSQL_ATTR_USE_BUFFERED_QUERY attribute.
[28-Mar-2026 21:28:22 Europe/Berlin] Failed to record migration: SQLSTATE[HY000]: General error: 2014 Cannot execute queries while other unbuffered queries are active.  Consider using PDOStatement::fetchAll().  Alternatively, if your code is only ever going to run against mysql, you may enable query buffering by setting the PDO::MYSQL_ATTR_USE_BUFFERED_QUERY attribute.
[28-Mar-2026 21:28:22 Europe/Berlin] Failed to create migrations table: SQLSTATE[HY000]: General error: 2014 Cannot execute queries while other unbuffered queries are active.  Consider using PDOStatement::fetchAll().  Alternatively, if your code is only ever going to run against mysql, you may enable query buffering by setting the PDO::MYSQL_ATTR_USE_BUFFERED_QUERY attribute.
[28-Mar-2026 21:28:22 Europe/Berlin] Migration 'targeting' failed: SQLSTATE[HY000]: General error: 2014 Cannot execute queries while other unbuffered queries are active.  Consider using PDOStatement::fetchAll().  Alternatively, if your code is only ever going to run against mysql, you may enable query buffering by setting the PDO::MYSQL_ATTR_USE_BUFFERED_QUERY attribute.
[28-Mar-2026 21:28:22 Europe/Berlin] Failed to record migration: SQLSTATE[HY000]: General error: 2014 Cannot execute queries while other unbuffered queries are active.  Consider using PDOStatement::fetchAll().  Alternatively, if your code is only ever going to run against mysql, you may enable query buffering by setting the PDO::MYSQL_ATTR_USE_BUFFERED_QUERY attribute.
[28-Mar-2026 21:28:26 Europe/Berlin] Migration 'legal_pages' failed: SQLSTATE[42S01]: Base table or view already exists: 1050 Table 'legal_pages' already exists
[28-Mar-2026 21:28:26 Europe/Berlin] Migration 'quality_system' failed: SQLSTATE[42S21]: Column already exists: 1060 Duplicate column name 'quality_level'
[28-Mar-2026 21:28:26 Europe/Berlin] Migration 'rate_limits' failed: SQLSTATE[42S01]: Base table or view already exists: 1050 Table 'rate_limits' already exists
[28-Mar-2026 21:28:26 Europe/Berlin] Migration 'referrals' failed: SQLSTATE[HY000]: General error: 2014 Cannot execute queries while other unbuffered queries are active.  Consider using PDOStatement::fetchAll().  Alternatively, if your code is only ever going to run against mysql, you may enable query buffering by setting the PDO::MYSQL_ATTR_USE_BUFFERED_QUERY attribute.
[28-Mar-2026 21:28:26 Europe/Berlin] Failed to record migration: SQLSTATE[HY000]: General error: 2014 Cannot execute queries while other unbuffered queries are active.  Consider using PDOStatement::fetchAll().  Alternatively, if your code is only ever going to run against mysql, you may enable query buffering by setting the PDO::MYSQL_ATTR_USE_BUFFERED_QUERY attribute.
[28-Mar-2026 21:28:26 Europe/Berlin] Failed to create migrations table: SQLSTATE[HY000]: General error: 2014 Cannot execute queries while other unbuffered queries are active.  Consider using PDOStatement::fetchAll().  Alternatively, if your code is only ever going to run against mysql, you may enable query buffering by setting the PDO::MYSQL_ATTR_USE_BUFFERED_QUERY attribute.
[28-Mar-2026 21:28:26 Europe/Berlin] Migration 'targeting' failed: SQLSTATE[HY000]: General error: 2014 Cannot execute queries while other unbuffered queries are active.  Consider using PDOStatement::fetchAll().  Alternatively, if your code is only ever going to run against mysql, you may enable query buffering by setting the PDO::MYSQL_ATTR_USE_BUFFERED_QUERY attribute.
[28-Mar-2026 21:28:26 Europe/Berlin] Failed to record migration: SQLSTATE[HY000]: General error: 2014 Cannot execute queries while other unbuffered queries are active.  Consider using PDOStatement::fetchAll().  Alternatively, if your code is only ever going to run against mysql, you may enable query buffering by setting the PDO::MYSQL_ATTR_USE_BUFFERED_QUERY attribute.
[28-Mar-2026 21:28:34 Europe/Berlin] Migration 'legal_pages' failed: SQLSTATE[42S01]: Base table or view already exists: 1050 Table 'legal_pages' already exists
[28-Mar-2026 21:28:34 Europe/Berlin] Migration 'quality_system' failed: SQLSTATE[42S21]: Column already exists: 1060 Duplicate column name 'quality_level'
[28-Mar-2026 21:28:34 Europe/Berlin] Migration 'rate_limits' failed: SQLSTATE[42S01]: Base table or view already exists: 1050 Table 'rate_limits' already exists
[28-Mar-2026 21:28:34 Europe/Berlin] Migration 'referrals' failed: SQLSTATE[HY000]: General error: 2014 Cannot execute queries while other unbuffered queries are active.  Consider using PDOStatement::fetchAll().  Alternatively, if your code is only ever going to run against mysql, you may enable query buffering by setting the PDO::MYSQL_ATTR_USE_BUFFERED_QUERY attribute.
[28-Mar-2026 21:28:34 Europe/Berlin] Failed to record migration: SQLSTATE[HY000]: General error: 2014 Cannot execute queries while other unbuffered queries are active.  Consider using PDOStatement::fetchAll().  Alternatively, if your code is only ever going to run against mysql, you may enable query buffering by setting the PDO::MYSQL_ATTR_USE_BUFFERED_QUERY attribute.
[28-Mar-2026 21:28:34 Europe/Berlin] Failed to create migrations table: SQLSTATE[HY000]: General error: 2014 Cannot execute queries while other unbuffered queries are active.  Consider using PDOStatement::fetchAll().  Alternatively, if your code is only ever going to run against mysql, you may enable query buffering by setting the PDO::MYSQL_ATTR_USE_BUFFERED_QUERY attribute.
[28-Mar-2026 21:28:34 Europe/Berlin] Migration 'targeting' failed: SQLSTATE[HY000]: General error: 2014 Cannot execute queries while other unbuffered queries are active.  Consider using PDOStatement::fetchAll().  Alternatively, if your code is only ever going to run against mysql, you may enable query buffering by setting the PDO::MYSQL_ATTR_USE_BUFFERED_QUERY attribute.
[28-Mar-2026 21:28:34 Europe/Berlin] Failed to record migration: SQLSTATE[HY000]: General error: 2014 Cannot execute queries while other unbuffered queries are active.  Consider using PDOStatement::fetchAll().  Alternatively, if your code is only ever going to run against mysql, you may enable query buffering by setting the PDO::MYSQL_ATTR_USE_BUFFERED_QUERY attribute.
[28-Mar-2026 21:30:02 Europe/Berlin] Migration 'legal_pages' failed: SQLSTATE[42S01]: Base table or view already exists: 1050 Table 'legal_pages' already exists
[28-Mar-2026 21:30:02 Europe/Berlin] Migration 'quality_system' failed: SQLSTATE[42S21]: Column already exists: 1060 Duplicate column name 'quality_level'
[28-Mar-2026 21:30:02 Europe/Berlin] Migration 'rate_limits' failed: SQLSTATE[42S01]: Base table or view already exists: 1050 Table 'rate_limits' already exists
[28-Mar-2026 21:30:02 Europe/Berlin] Migration 'referrals' failed: SQLSTATE[HY000]: General error: 2014 Cannot execute queries while other unbuffered queries are active.  Consider using PDOStatement::fetchAll().  Alternatively, if your code is only ever going to run against mysql, you may enable query buffering by setting the PDO::MYSQL_ATTR_USE_BUFFERED_QUERY attribute.
[28-Mar-2026 21:30:02 Europe/Berlin] Failed to record migration: SQLSTATE[HY000]: General error: 2014 Cannot execute queries while other unbuffered queries are active.  Consider using PDOStatement::fetchAll().  Alternatively, if your code is only ever going to run against mysql, you may enable query buffering by setting the PDO::MYSQL_ATTR_USE_BUFFERED_QUERY attribute.
[28-Mar-2026 21:30:02 Europe/Berlin] Failed to create migrations table: SQLSTATE[HY000]: General error: 2014 Cannot execute queries while other unbuffered queries are active.  Consider using PDOStatement::fetchAll().  Alternatively, if your code is only ever going to run against mysql, you may enable query buffering by setting the PDO::MYSQL_ATTR_USE_BUFFERED_QUERY attribute.
[28-Mar-2026 21:30:02 Europe/Berlin] Migration 'targeting' failed: SQLSTATE[HY000]: General error: 2014 Cannot execute queries while other unbuffered queries are active.  Consider using PDOStatement::fetchAll().  Alternatively, if your code is only ever going to run against mysql, you may enable query buffering by setting the PDO::MYSQL_ATTR_USE_BUFFERED_QUERY attribute.
[28-Mar-2026 21:30:02 Europe/Berlin] Failed to record migration: SQLSTATE[HY000]: General error: 2014 Cannot execute queries while other unbuffered queries are active.  Consider using PDOStatement::fetchAll().  Alternatively, if your code is only ever going to run against mysql, you may enable query buffering by setting the PDO::MYSQL_ATTR_USE_BUFFERED_QUERY attribute.
[28-Mar-2026 21:35:01 Europe/Berlin] Migration 'legal_pages' failed: SQLSTATE[42S01]: Base table or view already exists: 1050 Table 'legal_pages' already exists
[28-Mar-2026 21:35:01 Europe/Berlin] Migration 'quality_system' failed: SQLSTATE[42S21]: Column already exists: 1060 Duplicate column name 'quality_level'
[28-Mar-2026 21:35:01 Europe/Berlin] Migration 'rate_limits' failed: SQLSTATE[42S01]: Base table or view already exists: 1050 Table 'rate_limits' already exists
[28-Mar-2026 21:35:01 Europe/Berlin] Migration 'referrals' failed: SQLSTATE[HY000]: General error: 2014 Cannot execute queries while other unbuffered queries are active.  Consider using PDOStatement::fetchAll().  Alternatively, if your code is only ever going to run against mysql, you may enable query buffering by setting the PDO::MYSQL_ATTR_USE_BUFFERED_QUERY attribute.
[28-Mar-2026 21:35:01 Europe/Berlin] Failed to record migration: SQLSTATE[HY000]: General error: 2014 Cannot execute queries while other unbuffered queries are active.  Consider using PDOStatement::fetchAll().  Alternatively, if your code is only ever going to run against mysql, you may enable query buffering by setting the PDO::MYSQL_ATTR_USE_BUFFERED_QUERY attribute.
[28-Mar-2026 21:35:01 Europe/Berlin] Failed to create migrations table: SQLSTATE[HY000]: General error: 2014 Cannot execute queries while other unbuffered queries are active.  Consider using PDOStatement::fetchAll().  Alternatively, if your code is only ever going to run against mysql, you may enable query buffering by setting the PDO::MYSQL_ATTR_USE_BUFFERED_QUERY attribute.
[28-Mar-2026 21:35:01 Europe/Berlin] Migration 'targeting' failed: SQLSTATE[HY000]: General error: 2014 Cannot execute queries while other unbuffered queries are active.  Consider using PDOStatement::fetchAll().  Alternatively, if your code is only ever going to run against mysql, you may enable query buffering by setting the PDO::MYSQL_ATTR_USE_BUFFERED_QUERY attribute.
[28-Mar-2026 21:35:01 Europe/Berlin] Failed to record migration: SQLSTATE[HY000]: General error: 2014 Cannot execute queries while other unbuffered queries are active.  Consider using PDOStatement::fetchAll().  Alternatively, if your code is only ever going to run against mysql, you may enable query buffering by setting the PDO::MYSQL_ATTR_USE_BUFFERED_QUERY attribute.
[28-Mar-2026 21:36:03 Europe/Berlin] Migration 'legal_pages' failed: SQLSTATE[42S01]: Base table or view already exists: 1050 Table 'legal_pages' already exists
[28-Mar-2026 21:36:03 Europe/Berlin] Migration 'quality_system' failed: SQLSTATE[42S21]: Column already exists: 1060 Duplicate column name 'quality_level'
[28-Mar-2026 21:36:03 Europe/Berlin] Migration 'rate_limits' failed: SQLSTATE[42S01]: Base table or view already exists: 1050 Table 'rate_limits' already exists
[28-Mar-2026 21:36:03 Europe/Berlin] Migration 'referrals' failed: SQLSTATE[HY000]: General error: 2014 Cannot execute queries while other unbuffered queries are active.  Consider using PDOStatement::fetchAll().  Alternatively, if your code is only ever going to run against mysql, you may enable query buffering by setting the PDO::MYSQL_ATTR_USE_BUFFERED_QUERY attribute.
[28-Mar-2026 21:36:03 Europe/Berlin] Failed to record migration: SQLSTATE[HY000]: General error: 2014 Cannot execute queries while other unbuffered queries are active.  Consider using PDOStatement::fetchAll().  Alternatively, if your code is only ever going to run against mysql, you may enable query buffering by setting the PDO::MYSQL_ATTR_USE_BUFFERED_QUERY attribute.
[28-Mar-2026 21:36:03 Europe/Berlin] Failed to create migrations table: SQLSTATE[HY000]: General error: 2014 Cannot execute queries while other unbuffered queries are active.  Consider using PDOStatement::fetchAll().  Alternatively, if your code is only ever going to run against mysql, you may enable query buffering by setting the PDO::MYSQL_ATTR_USE_BUFFERED_QUERY attribute.
[28-Mar-2026 21:36:03 Europe/Berlin] Migration 'targeting' failed: SQLSTATE[HY000]: General error: 2014 Cannot execute queries while other unbuffered queries are active.  Consider using PDOStatement::fetchAll().  Alternatively, if your code is only ever going to run against mysql, you may enable query buffering by setting the PDO::MYSQL_ATTR_USE_BUFFERED_QUERY attribute.
[28-Mar-2026 21:36:03 Europe/Berlin] Failed to record migration: SQLSTATE[HY000]: General error: 2014 Cannot execute queries while other unbuffered queries are active.  Consider using PDOStatement::fetchAll().  Alternatively, if your code is only ever going to run against mysql, you may enable query buffering by setting the PDO::MYSQL_ATTR_USE_BUFFERED_QUERY attribute.
[28-Mar-2026 21:36:04 Europe/Berlin] Migration 'legal_pages' failed: SQLSTATE[42S01]: Base table or view already exists: 1050 Table 'legal_pages' already exists
[28-Mar-2026 21:36:04 Europe/Berlin] Migration 'quality_system' failed: SQLSTATE[42S21]: Column already exists: 1060 Duplicate column name 'quality_level'
[28-Mar-2026 21:36:04 Europe/Berlin] Migration 'rate_limits' failed: SQLSTATE[42S01]: Base table or view already exists: 1050 Table 'rate_limits' already exists
[28-Mar-2026 21:36:04 Europe/Berlin] Migration 'referrals' failed: SQLSTATE[HY000]: General error: 2014 Cannot execute queries while other unbuffered queries are active.  Consider using PDOStatement::fetchAll().  Alternatively, if your code is only ever going to run against mysql, you may enable query buffering by setting the PDO::MYSQL_ATTR_USE_BUFFERED_QUERY attribute.
[28-Mar-2026 21:36:04 Europe/Berlin] Failed to record migration: SQLSTATE[HY000]: General error: 2014 Cannot execute queries while other unbuffered queries are active.  Consider using PDOStatement::fetchAll().  Alternatively, if your code is only ever going to run against mysql, you may enable query buffering by setting the PDO::MYSQL_ATTR_USE_BUFFERED_QUERY attribute.
[28-Mar-2026 21:36:04 Europe/Berlin] Failed to create migrations table: SQLSTATE[HY000]: General error: 2014 Cannot execute queries while other unbuffered queries are active.  Consider using PDOStatement::fetchAll().  Alternatively, if your code is only ever going to run against mysql, you may enable query buffering by setting the PDO::MYSQL_ATTR_USE_BUFFERED_QUERY attribute.
[28-Mar-2026 21:36:04 Europe/Berlin] Migration 'targeting' failed: SQLSTATE[HY000]: General error: 2014 Cannot execute queries while other unbuffered queries are active.  Consider using PDOStatement::fetchAll().  Alternatively, if your code is only ever going to run against mysql, you may enable query buffering by setting the PDO::MYSQL_ATTR_USE_BUFFERED_QUERY attribute.
[28-Mar-2026 21:36:04 Europe/Berlin] Failed to record migration: SQLSTATE[HY000]: General error: 2014 Cannot execute queries while other unbuffered queries are active.  Consider using PDOStatement::fetchAll().  Alternatively, if your code is only ever going to run against mysql, you may enable query buffering by setting the PDO::MYSQL_ATTR_USE_BUFFERED_QUERY attribute.
[28-Mar-2026 21:37:36 Europe/Berlin] Migration 'referrals' statement error: SQLSTATE[42S22]: Column not found: 1054 Unknown column 'signup_bonus' in 'INSERT INTO'
[28-Mar-2026 21:37:36 Europe/Berlin] Migration 'referrals' executed successfully
[28-Mar-2026 21:37:36 Europe/Berlin] Migration 'targeting' executed successfully
[28-Mar-2026 22:07:11 Europe/Berlin] Migration 'referrals_v2' statement error: SQLSTATE[42S22]: Column not found: 1054 Unknown column 'enabled' in 'SET'
[28-Mar-2026 22:07:12 Europe/Berlin] Migration 'referrals_v2' statement error: SQLSTATE[42S22]: Column not found: 1054 Unknown column 'signup_bonus' in 'INSERT INTO'
[28-Mar-2026 22:07:12 Europe/Berlin] Migration 'referrals_v2' executed successfully
